<?xml version="1.0" encoding="UTF-8"?>
<testng-results ignored="0" total="2" passed="2" failed="0" skipped="0">
  <reporter-output>
  </reporter-output>
  <suite started-at="2025-02-22T20:30:38 IST" name="Default suite" finished-at="2025-02-22T20:30:41 IST" duration-ms="2680">
    <groups>
    </groups>
    <test started-at="2025-02-22T20:30:38 IST" name="Default test" finished-at="2025-02-22T20:30:41 IST" duration-ms="2680">
      <class name="ankitnandivkar.ExtentReports.ExtentReportDemo">
        <test-method signature="config()[pri:0, instance:ankitnandivkar.ExtentReports.ExtentReportDemo@60bd273d]" started-at="2025-02-22T20:30:38 IST" name="config" finished-at="2025-02-22T20:30:38 IST" duration-ms="148" status="PASS">
          <reporter-output>
          </reporter-output>
        </test-method> <!-- config -->
        <test-method signature="initialDemo()[pri:0, instance:ankitnandivkar.ExtentReports.ExtentReportDemo@60bd273d]" started-at="2025-02-22T20:30:38 IST" name="initialDemo" finished-at="2025-02-22T20:30:41 IST" duration-ms="2494" status="PASS">
          <reporter-output>
          </reporter-output>
        </test-method> <!-- initialDemo -->
      </class> <!-- ankitnandivkar.ExtentReports.ExtentReportDemo -->
    </test> <!-- Default test -->
  </suite> <!-- Default suite -->
</testng-results>
